<?xml version="1.0" encoding="UTF-8"?>
<!-- Generated by org.testng.reporters.JUnitReportReporter -->
<testsuite hostname="LAPTOP-555redgreen" failures="0" tests="1" name="com.qa.jupiter.tests.CartPageTest" time="18.123" errors="0" timestamp="2023-02-07T22:24:05 IST" skipped="0">
  <testcase classname="com.qa.jupiter.tests.CartPageTest" name="validateAddCard" time="18.123"/>
  <system-out/>
</testsuite> <!-- com.qa.jupiter.tests.CartPageTest -->
