<?xml version="1.0" encoding="UTF-8"?>
<!-- Generated by org.testng.reporters.JUnitReportReporter -->
<testsuite hostname="LAPTOP-555redgreen" failures="0" tests="2" name="com.qa.jupiter.tests.ContactPageTest" time="34.760" errors="0" timestamp="2023-02-11T11:03:31 IST" skipped="0">
  <testcase classname="com.qa.jupiter.tests.ContactPageTest" name="validateConfirmationMessage" time="20.722"/>
  <system-out/>
  <testcase classname="com.qa.jupiter.tests.ContactPageTest" name="validateContactPage" time="14.038"/>
  <system-out/>
</testsuite> <!-- com.qa.jupiter.tests.ContactPageTest -->
