<?xml version="1.0" encoding="UTF-8"?>
<!-- Generated by org.testng.reporters.JUnitReportReporter -->
<testsuite hostname="LAPTOP-555redgreen" failures="0" tests="1" name="com.qa.jupiter.tests.HomePageTest" time="5.132" errors="0" timestamp="2023-02-07T22:24:05 IST" skipped="0">
  <testcase classname="com.qa.jupiter.tests.HomePageTest" name="homePageTitle" time="5.132"/>
  <system-out/>
</testsuite> <!-- com.qa.jupiter.tests.HomePageTest -->
